<?xml version="1.0" encoding="UTF-8"?>
<testng-results ignored="0" total="2" passed="2" failed="0" skipped="0">
  <reporter-output>
  </reporter-output>
  <suite started-at="2024-01-18T13:15:18 IST" name="Default suite" finished-at="2024-01-18T13:15:33 IST" duration-ms="14785">
    <groups>
    </groups>
    <test started-at="2024-01-18T13:15:18 IST" name="Default test" finished-at="2024-01-18T13:15:33 IST" duration-ms="14785">
      <class name="CrudOperationOnPetStore.DeletePetById">
        <test-method signature="postBody()[pri:0, instance:CrudOperationOnPetStore.DeletePetById@3bf9ce3e]" started-at="2024-01-18T13:15:18 IST" name="postBody" finished-at="2024-01-18T13:15:28 IST" duration-ms="9562" status="PASS">
          <reporter-output>
          </reporter-output>
        </test-method> <!-- postBody -->
        <test-method signature="deleteById()[pri:0, instance:CrudOperationOnPetStore.DeletePetById@3bf9ce3e]" started-at="2024-01-18T13:15:28 IST" name="deleteById" finished-at="2024-01-18T13:15:33 IST" depends-on-methods="CrudOperationOnPetStore.DeletePetById.postBody" duration-ms="5183" status="PASS">
          <reporter-output>
          </reporter-output>
        </test-method> <!-- deleteById -->
      </class> <!-- CrudOperationOnPetStore.DeletePetById -->
    </test> <!-- Default test -->
  </suite> <!-- Default suite -->
</testng-results>
