<?xml version="1.0" encoding="UTF-8"?>
<testng-results ignored="0" total="2" passed="2" failed="0" skipped="0">
  <reporter-output>
  </reporter-output>
  <suite started-at="2024-01-17T18:20:01 IST" name="Default suite" finished-at="2024-01-17T18:20:06 IST" duration-ms="4150">
    <groups>
    </groups>
    <test started-at="2024-01-17T18:20:01 IST" name="Default test" finished-at="2024-01-17T18:20:06 IST" duration-ms="4150">
      <class name="PetStoreFrameWork.PetTest">
        <test-method is-config="true" signature="beforeMethod()[pri:0, instance:PetStoreFrameWork.PetTest@169e6180]" started-at="2024-01-17T18:20:01 IST" name="beforeMethod" finished-at="2024-01-17T18:20:01 IST" duration-ms="535" status="PASS">
          <reporter-output>
          </reporter-output>
        </test-method> <!-- beforeMethod -->
        <test-method signature="postPet()[pri:0, instance:PetStoreFrameWork.PetTest@169e6180]" started-at="2024-01-17T18:20:01 IST" name="postPet" finished-at="2024-01-17T18:20:04 IST" duration-ms="2552" status="PASS">
          <reporter-output>
          </reporter-output>
        </test-method> <!-- postPet -->
        <test-method signature="GetPetAfterPost()[pri:0, instance:PetStoreFrameWork.PetTest@169e6180]" started-at="2024-01-17T18:20:04 IST" name="GetPetAfterPost" finished-at="2024-01-17T18:20:06 IST" depends-on-methods="PetStoreFrameWork.PetTest.postPet" duration-ms="1572" status="PASS">
          <reporter-output>
          </reporter-output>
        </test-method> <!-- GetPetAfterPost -->
      </class> <!-- PetStoreFrameWork.PetTest -->
    </test> <!-- Default test -->
  </suite> <!-- Default suite -->
</testng-results>
